info it worked if it ends with ok
verbose cli [ 'node', '/usr/local/bin/npm', 'install', '-g', 'meteorite' ]
info using npm@1.1.21
info using node@v0.6.18
verbose config file /Users/timwhitaker/.npmrc
verbose config file /usr/local/etc/npmrc
verbose config file /usr/local/lib/node_modules/npm/npmrc
verbose cache add [ 'meteorite', null ]
silly cache add: name, spec, args [ undefined, 'meteorite', [ 'meteorite', null ] ]
verbose parsed url { pathname: 'meteorite', path: 'meteorite', href: 'meteorite' }
verbose addNamed [ 'meteorite', '' ]
verbose addNamed [ null, '' ]
silly name, range, hasData [ 'meteorite', '', false ]
verbose raw, before any munging meteorite
verbose url resolving [ 'https://registry.npmjs.org/', './meteorite' ]
verbose url resolved https://registry.npmjs.org/meteorite
http GET https://registry.npmjs.org/meteorite
http 200 https://registry.npmjs.org/meteorite
silly get cb [ 200,
silly get cb   { vary: 'Accept',
silly get cb     server: 'CouchDB/1.3.0 (Erlang OTP/R15B03)',
silly get cb     etag: '"9R9420A4G7EZEYXUVXPF7BX20"',
silly get cb     date: 'Thu, 13 Jun 2013 06:30:25 GMT',
silly get cb     'content-type': 'application/json',
silly get cb     'content-length': '130466' } ]
silly name, range, hasData 2 [ 'meteorite', '', true ]
silly versions [ 'meteorite',
silly versions   [ '0.0.1',
silly versions     '0.0.2',
silly versions     '0.0.3',
silly versions     '0.0.4',
silly versions     '0.0.5',
silly versions     '0.0.6',
silly versions     '0.0.7',
silly versions     '0.0.8',
silly versions     '0.0.9',
silly versions     '0.0.10',
silly versions     '0.0.11',
silly versions     '0.0.12',
silly versions     '0.0.13',
silly versions     '0.0.14',
silly versions     '0.0.15',
silly versions     '0.0.16',
silly versions     '0.0.17',
silly versions     '0.0.18',
silly versions     '0.0.19',
silly versions     '0.1.0',
silly versions     '0.1.1',
silly versions     '0.2.0',
silly versions     '0.2.1',
silly versions     '0.2.2',
silly versions     '0.3.0',
silly versions     '0.3.1',
silly versions     '0.3.3',
silly versions     '0.4.0',
silly versions     '0.4.1',
silly versions     '0.4.2',
silly versions     '0.4.3',
silly versions     '0.4.4',
silly versions     '0.4.5',
silly versions     '0.4.6',
silly versions     '0.4.7',
silly versions     '0.4.8',
silly versions     '0.4.9',
silly versions     '0.5.0',
silly versions     '0.5.1',
silly versions     '0.6.0',
silly versions     '0.6.1',
silly versions     '0.6.2',
silly versions     '0.6.3' ] ]
verbose bin dist [ '0.6-ares1.7.5-DEV-evundefined-openssl0.9.8r-v83.6.6.25-darwin-x64-12.2.0',
verbose bin dist   { shasum: '9e9471c8f83bbe9f2fbb7aca93496d079537976e',
verbose bin dist     tarball: 'http://registry.npmjs.org/meteorite/-/meteorite-0.6.3.tgz' } ]
verbose addRemoteTarball [ 'https://registry.npmjs.org/meteorite/-/meteorite-0.6.3.tgz',
verbose addRemoteTarball   '9e9471c8f83bbe9f2fbb7aca93496d079537976e' ]
verbose fetch to /var/folders/7j/5yzxrb0j77v0t10vy6yscckw0000gn/T/npm-1371105026214/1371105026214-0.8141629244200885/tmp.tgz
http GET https://registry.npmjs.org/meteorite/-/meteorite-0.6.3.tgz
http 200 https://registry.npmjs.org/meteorite/-/meteorite-0.6.3.tgz
silly updated sha bytes 21026
info shasum 9e9471c8f83bbe9f2fbb7aca93496d079537976e
info shasum /var/folders/7j/5yzxrb0j77v0t10vy6yscckw0000gn/T/npm-1371105026214/1371105026214-0.8141629244200885/tmp.tgz
verbose unpack /var/folders/7j/5yzxrb0j77v0t10vy6yscckw0000gn/T/npm-1371105026214/1371105026214-0.8141629244200885/tmp.tgz
silly gunzTarPerm modes [ '755', '644' ]
silly extracting entry package.json
silly extracting entry README.md
silly extracting entry CHANGELOG.md
silly extracting entry CONTRIBUTING.md
silly extracting entry LICENSE.txt
silly extracting entry bin/mrt.js
silly extracting entry completions/mrt.bash
silly extracting entry completions/postinstall.sh
silly extracting entry lib/atmosphere.js
silly extracting entry lib/config.js
silly extracting entry lib/console.js
silly extracting entry lib/debug.js
silly extracting entry lib/command.js
silly extracting entry lib/meteor.js
silly extracting entry lib/meteorite.js
silly extracting entry lib/project.js
silly extracting entry lib/utils/fs.js
silly extracting entry lib/utils/git.js
silly extracting entry lib/sources/git.js
silly extracting entry lib/sources/local.js
silly extracting entry lib/sources/source.js
silly extracting entry lib/dependencies/dependencies.js
silly extracting entry lib/dependencies/package.js
silly extracting entry lib/dependencies/resolver.js
verbose caching /var/folders/7j/5yzxrb0j77v0t10vy6yscckw0000gn/T/npm-1371105026214/1371105026214-0.8141629244200885/package/package.json
verbose loadDefaults meteorite@0.6.3
verbose from cache /var/folders/7j/5yzxrb0j77v0t10vy6yscckw0000gn/T/npm-1371105026214/1371105026214-0.8141629244200885/package/package.json
verbose tar.pack [ '/Users/timwhitaker/.npm/meteorite/0.6.3/package.tgz',
verbose tar.pack   '/var/folders/7j/5yzxrb0j77v0t10vy6yscckw0000gn/T/npm-1371105026214/1371105026214-0.8141629244200885/package' ]
verbose tarball /Users/timwhitaker/.npm/meteorite/0.6.3/package.tgz
verbose folder /var/folders/7j/5yzxrb0j77v0t10vy6yscckw0000gn/T/npm-1371105026214/1371105026214-0.8141629244200885/package
verbose unpack /Users/timwhitaker/.npm/meteorite/0.6.3/package.tgz
silly gunzTarPerm modes [ '755', '644' ]
silly extracting entry package.json
silly extracting entry README.md
silly extracting entry bin/mrt.js
silly extracting entry CHANGELOG.md
silly extracting entry completions/mrt.bash
silly extracting entry completions/postinstall.sh
silly extracting entry CONTRIBUTING.md
silly extracting entry lib/atmosphere.js
silly extracting entry lib/config.js
silly extracting entry lib/console.js
silly extracting entry lib/debug.js
silly extracting entry lib/command.js
silly extracting entry lib/meteor.js
silly extracting entry lib/meteorite.js
silly extracting entry lib/project.js
silly extracting entry lib/utils/fs.js
silly extracting entry lib/utils/git.js
silly extracting entry lib/sources/git.js
silly extracting entry lib/sources/local.js
silly extracting entry lib/sources/source.js
silly extracting entry lib/dependencies/dependencies.js
silly extracting entry lib/dependencies/package.js
silly extracting entry lib/dependencies/resolver.js
silly extracting entry LICENSE.txt
verbose caching /Users/timwhitaker/.npm/meteorite/0.6.3/package/package.json
verbose loadDefaults meteorite@0.6.3
silly updated sha bytes 21050
info shasum c8641a146a848e8572cec310330a62c471ed4f73
info shasum /Users/timwhitaker/.npm/meteorite/0.6.3/package.tgz
verbose from cache /Users/timwhitaker/.npm/meteorite/0.6.3/package/package.json
verbose chmod /Users/timwhitaker/.npm/meteorite/0.6.3/package.tgz 644
verbose chown [ '/Users/timwhitaker/.npm/meteorite/0.6.3/package.tgz',
verbose chown   501,
verbose chown   20 ]
silly resolved [ { name: 'meteorite',
silly resolved     version: '0.6.3',
silly resolved     homepage: 'http://oortcloud.github.com/meteorite',
silly resolved     engines: [ 'node >=0.8.0', node: ' >=0.8.0' ],
silly resolved     description: 'Installer & smart package manager for Meteor',
silly resolved     author: 
silly resolved      { name: 'Mike Bannister',
silly resolved        email: 'notimpossiblemike@gmail.com',
silly resolved        url: 'http://po.ssibiliti.es' },
silly resolved     dependencies: 
silly resolved      { ddp: '>=0.3.1',
silly resolved        underscore: '>=1.3.3',
silly resolved        wrench: '>=1.3.9',
silly resolved        fstream: '>=0.1.18',
silly resolved        optimist: '>=0.3.4',
silly resolved        prompt: '0.2.3',
silly resolved        colors: '0.6.0-1' },
silly resolved     devDependencies: { mocha: '>=1.2.2', connect: '>=2.3.6' },
silly resolved     scripts: 
silly resolved      { test: 'mocha spec/unit spec/acceptance -t 240000 -R spec',
silly resolved        flushcache: 'rm -rf spec/support/cache',
silly resolved        postinstall: './completions/postinstall.sh' },
silly resolved     repository: { type: 'git', url: 'git://github.com/oortcloud/meteorite.git' },
silly resolved     bin: { mrt: './bin/mrt.js' },
silly resolved     _id: 'meteorite@0.6.3',
silly resolved     optionalDependencies: {},
silly resolved     _engineSupported: false,
silly resolved     _npmVersion: '1.1.21',
silly resolved     _nodeVersion: 'v0.6.18',
silly resolved     _defaultsLoaded: true,
silly resolved     dist: { shasum: 'c8641a146a848e8572cec310330a62c471ed4f73' },
silly resolved     _from: 'meteorite' } ]
info into /usr/local/lib meteorite@0.6.3
info installOne meteorite@0.6.3
ERR! Unsupported
ERR! Not compatible with your version of node/npm: meteorite@0.6.3
ERR! Required: ["node >=0.8.0"]
ERR! Actual:   {"npm":"1.1.21","node":"0.6.18"}
ERR! 
ERR! System Darwin 12.2.0
ERR! command "node" "/usr/local/bin/npm" "install" "-g" "meteorite"
ERR! cwd /Users/timwhitaker/business/chasing_seasons/blog
ERR! node -v v0.6.18
ERR! npm -v 1.1.21
ERR! code ENOTSUP
ERR! message Unsupported
ERR! errno {}
verbose exit [ 1, true ]
